Build started 04.10.2012 04:57:15.
     1>Project "F:\VS2010\Projects\JStormLib\JStormLib\JStormLib.vcxproj" on node 3 (build target(s)).
     1>InitializeBuildStatus:
         Creating "DebugAD\JStormLib.unsuccessfulbuild" because "AlwaysCreate" was specified.
       ClCompile:
         f:\VS2010\VC\bin\CL.exe /c /ZI /nologo /W3 /WX- /Od /Oy- /D _WINDLL /D _MBCS /Gm /EHsc /RTC1 /MDd /GS /fp:precise /Zc:wchar_t /Zc:forScope /Fo"DebugAD\\" /Fd"DebugAD\vc100.pdb" /Gd /TP /analyze- /errorReport:prompt MPQArchive.cpp MPQFile.cpp
         MPQFile.cpp
         MPQArchive.cpp
         Generating Code...
     1>f:\vs2010\projects\jstormlib\jstormlib\mpqfile.cpp(48): warning C4700: uninitialized local variable 'result' used
       Link:
         f:\VS2010\VC\bin\link.exe /ERRORREPORT:PROMPT /OUT:"F:\VS2010\Projects\JStormLib\bin\Win32\DebugAD\JStormLib.dll" /NOLOGO kernel32.lib user32.lib gdi32.lib winspool.lib comdlg32.lib advapi32.lib shell32.lib ole32.lib oleaut32.lib uuid.lib odbc32.lib odbccp32.lib /MANIFEST /ManifestFile:"DebugAD\JStormLib.dll.intermediate.manifest" /MANIFESTUAC:"level='asInvoker' uiAccess='false'" /DEBUG /PDB:"F:\VS2010\Projects\JStormLib\bin\Win32\DebugAD\JStormLib.pdb" /TLBID:1 /DYNAMICBASE /NXCOMPAT /IMPLIB:"F:\VS2010\Projects\JStormLib\bin\Win32\DebugAD\JStormLib.lib" /MACHINE:X86 /DLL DebugAD\Common.obj
         DebugAD\MPQArchive.obj
         DebugAD\MPQFile.obj
         LINK : F:\VS2010\Projects\JStormLib\bin\Win32\DebugAD\JStormLib.dll not found or not built by the last incremental link; performing full link
            Creating library F:\VS2010\Projects\JStormLib\bin\Win32\DebugAD\JStormLib.lib and object F:\VS2010\Projects\JStormLib\bin\Win32\DebugAD\JStormLib.exp
         JStormLib.vcxproj -> F:\VS2010\Projects\JStormLib\bin\Win32\DebugAD\JStormLib.dll
       Manifest:
         C:\Program Files (x86)\Microsoft SDKs\Windows\v7.0A\bin\mt.exe /nologo /verbose /outputresource:"F:\VS2010\Projects\JStormLib\bin\Win32\DebugAD\JStormLib.dll;#2" /manifest DebugAD\JStormLib.dll.intermediate.manifest
       FinalizeBuildStatus:
         Deleting file "DebugAD\JStormLib.unsuccessfulbuild".
         Touching "DebugAD\JStormLib.lastbuildstate".
     1>Done Building Project "F:\VS2010\Projects\JStormLib\JStormLib\JStormLib.vcxproj" (build target(s)).

Build succeeded.

Time Elapsed 00:00:01.08
