Build started 04.10.2012 04:57:02.
     1>Project "F:\VS2010\Projects\JStormLib\JStormLib\JStormLib.vcxproj" on node 3 (build target(s)).
     1>InitializeBuildStatus:
         Creating "ReleaseAD\JStormLib.unsuccessfulbuild" because "AlwaysCreate" was specified.
       ClCompile:
         f:\VS2010\VC\bin\CL.exe /c /Zi /nologo /W3 /WX- /O2 /Ob2 /Oi /Ot /Oy- /GL /D _WINDLL /D _MBCS /Gm- /EHsc /MD /GS /Gy /fp:precise /Zc:wchar_t /Zc:forScope /Fo"ReleaseAD\\" /Fd"ReleaseAD\vc100.pdb" /Gd /TP /analyze- /errorReport:prompt MPQArchive.cpp MPQFile.cpp
         MPQArchive.cpp
         MPQFile.cpp
       Link:
         f:\VS2010\VC\bin\link.exe /ERRORREPORT:PROMPT /OUT:"F:\VS2010\Projects\JStormLib\bin\Win32\ReleaseAD\JStormLib.dll" /NOLOGO kernel32.lib user32.lib gdi32.lib winspool.lib comdlg32.lib advapi32.lib shell32.lib ole32.lib oleaut32.lib uuid.lib odbc32.lib odbccp32.lib /MANIFEST /ManifestFile:"ReleaseAD\JStormLib.dll.intermediate.manifest" /MANIFESTUAC:"level='asInvoker' uiAccess='false'" /DEBUG /PDB:"F:\VS2010\Projects\JStormLib\bin\Win32\ReleaseAD\JStormLib.pdb" /OPT:REF /OPT:ICF /LTCG /TLBID:1 /DYNAMICBASE /NXCOMPAT /IMPLIB:"F:\VS2010\Projects\JStormLib\bin\Win32\ReleaseAD\JStormLib.lib" /MACHINE:X86 /DLL ReleaseAD\Common.obj
         ReleaseAD\MPQArchive.obj
         ReleaseAD\MPQFile.obj
            Creating library F:\VS2010\Projects\JStormLib\bin\Win32\ReleaseAD\JStormLib.lib and object F:\VS2010\Projects\JStormLib\bin\Win32\ReleaseAD\JStormLib.exp
         Generating code
     1>f:\vs2010\projects\jstormlib\jstormlib\mpqfile.cpp(48): warning C4700: uninitialized local variable 'result' used
         Finished generating code
         JStormLib.vcxproj -> F:\VS2010\Projects\JStormLib\bin\Win32\ReleaseAD\JStormLib.dll
       Manifest:
         C:\Program Files (x86)\Microsoft SDKs\Windows\v7.0A\bin\mt.exe /nologo /verbose /outputresource:"F:\VS2010\Projects\JStormLib\bin\Win32\ReleaseAD\JStormLib.dll;#2" /manifest ReleaseAD\JStormLib.dll.intermediate.manifest
       FinalizeBuildStatus:
         Deleting file "ReleaseAD\JStormLib.unsuccessfulbuild".
         Touching "ReleaseAD\JStormLib.lastbuildstate".
     1>Done Building Project "F:\VS2010\Projects\JStormLib\JStormLib\JStormLib.vcxproj" (build target(s)).

Build succeeded.

Time Elapsed 00:00:04.36
