Build started 04.10.2012 04:57:08.
     1>Project "F:\VS2010\Projects\JStormLib\JStormLib\JStormLib.vcxproj" on node 3 (build target(s)).
     1>InitializeBuildStatus:
         Creating "DebugAS\JStormLib.unsuccessfulbuild" because "AlwaysCreate" was specified.
       ClCompile:
         f:\VS2010\VC\bin\CL.exe /c /ZI /nologo /W3 /WX- /Od /Oy- /D _WINDLL /D _MBCS /Gm /EHsc /RTC1 /MTd /GS /fp:precise /Zc:wchar_t /Zc:forScope /Fo"DebugAS\\" /Fd"DebugAS\vc100.pdb" /Gd /TP /analyze- /errorReport:prompt MPQArchive.cpp MPQFile.cpp
         MPQFile.cpp
         MPQArchive.cpp
         Generating Code...
     1>f:\vs2010\projects\jstormlib\jstormlib\mpqfile.cpp(48): warning C4700: uninitialized local variable 'result' used
       Link:
         f:\VS2010\VC\bin\link.exe /ERRORREPORT:PROMPT /OUT:"F:\VS2010\Projects\JStormLib\bin\Win32\DebugAS\JStormLib.dll" /NOLOGO /MANIFEST /ManifestFile:"DebugAS\JStormLib.dll.intermediate.manifest" /MANIFESTUAC:"level='asInvoker' uiAccess='false'" /DEBUG /PDB:"F:\VS2010\Projects\JStormLib\bin\Win32\DebugAS\JStormLib.pdb" /TLBID:1 /DYNAMICBASE /NXCOMPAT /IMPLIB:"F:\VS2010\Projects\JStormLib\bin\Win32\DebugAS\JStormLib.lib" /MACHINE:X86 /DLL DebugAS\Common.obj
         DebugAS\MPQArchive.obj
         DebugAS\MPQFile.obj
         LINK : F:\VS2010\Projects\JStormLib\bin\Win32\DebugAS\JStormLib.dll not found or not built by the last incremental link; performing full link
            Creating library F:\VS2010\Projects\JStormLib\bin\Win32\DebugAS\JStormLib.lib and object F:\VS2010\Projects\JStormLib\bin\Win32\DebugAS\JStormLib.exp
         JStormLib.vcxproj -> F:\VS2010\Projects\JStormLib\bin\Win32\DebugAS\JStormLib.dll
       Manifest:
         C:\Program Files (x86)\Microsoft SDKs\Windows\v7.0A\bin\mt.exe /nologo /verbose /outputresource:"F:\VS2010\Projects\JStormLib\bin\Win32\DebugAS\JStormLib.dll;#2" /manifest DebugAS\JStormLib.dll.intermediate.manifest f:\VS2010\VC\Include\Manifest\dpiaware.manifest
       FinalizeBuildStatus:
         Deleting file "DebugAS\JStormLib.unsuccessfulbuild".
         Touching "DebugAS\JStormLib.lastbuildstate".
     1>Done Building Project "F:\VS2010\Projects\JStormLib\JStormLib\JStormLib.vcxproj" (build target(s)).

Build succeeded.

Time Elapsed 00:00:01.24
