Build started 04.10.2012 04:56:41.
     1>Project "F:\VS2010\Projects\JStormLib\JStormLib\JStormLib.vcxproj" on node 3 (build target(s)).
     1>InitializeBuildStatus:
         Creating "x64\ReleaseUS\JStormLib.unsuccessfulbuild" because "AlwaysCreate" was specified.
       ClCompile:
         f:\VS2010\VC\bin\x86_amd64\CL.exe /c /Zi /nologo /W3 /WX- /O2 /Ob2 /Oi /Ot /GL /D _WINDLL /D _UNICODE /D UNICODE /Gm- /EHsc /MT /GS /Gy /fp:precise /Zc:wchar_t /Zc:forScope /Fo"x64\ReleaseUS\\" /Fd"x64\ReleaseUS\vc100.pdb" /Gd /TP /errorReport:prompt MPQArchive.cpp MPQFile.cpp
         MPQArchive.cpp
         MPQFile.cpp
       Link:
         f:\VS2010\VC\bin\x86_amd64\link.exe /ERRORREPORT:PROMPT /OUT:"F:\VS2010\Projects\JStormLib\bin\x64\ReleaseUS\JStormLib.dll" /NOLOGO /MANIFEST /ManifestFile:"x64\ReleaseUS\JStormLib.dll.intermediate.manifest" /MANIFESTUAC:"level='asInvoker' uiAccess='false'" /DEBUG /PDB:"F:\VS2010\Projects\JStormLib\bin\x64\ReleaseUS\JStormLib.pdb" /OPT:REF /OPT:ICF /LTCG /TLBID:1 /DYNAMICBASE /NXCOMPAT /IMPLIB:"F:\VS2010\Projects\JStormLib\bin\x64\ReleaseUS\JStormLib.lib" /MACHINE:X64 /DLL x64\ReleaseUS\Common.obj
         x64\ReleaseUS\MPQArchive.obj
         x64\ReleaseUS\MPQFile.obj
            Creating library F:\VS2010\Projects\JStormLib\bin\x64\ReleaseUS\JStormLib.lib and object F:\VS2010\Projects\JStormLib\bin\x64\ReleaseUS\JStormLib.exp
         Generating code
     1>f:\vs2010\projects\jstormlib\jstormlib\mpqfile.cpp(48): warning C4700: uninitialized local variable 'result' used
         Finished generating code
         JStormLib.vcxproj -> F:\VS2010\Projects\JStormLib\bin\x64\ReleaseUS\JStormLib.dll
       Manifest:
         C:\Program Files (x86)\Microsoft SDKs\Windows\v7.0A\bin\mt.exe /nologo /verbose /outputresource:"F:\VS2010\Projects\JStormLib\bin\x64\ReleaseUS\JStormLib.dll;#2" /manifest x64\ReleaseUS\JStormLib.dll.intermediate.manifest f:\VS2010\VC\Include\Manifest\dpiaware.manifest
       FinalizeBuildStatus:
         Deleting file "x64\ReleaseUS\JStormLib.unsuccessfulbuild".
         Touching "x64\ReleaseUS\JStormLib.lastbuildstate".
     1>Done Building Project "F:\VS2010\Projects\JStormLib\JStormLib\JStormLib.vcxproj" (build target(s)).

Build succeeded.

Time Elapsed 00:00:05.99
